2023/06/24 13:37:28 [notice] 1#1: using the "epoll" event method
2023/06/24 13:37:28 [notice] 1#1: nginx/1.25.1
2023/06/24 13:37:28 [notice] 1#1: built by gcc 12.2.1 20220924 (Alpine 12.2.1_git20220924-r4) 
2023/06/24 13:37:28 [notice] 1#1: OS: Linux 5.15.49-linuxkit
2023/06/24 13:37:28 [notice] 1#1: getrlimit(RLIMIT_NOFILE): 1048576:1048576
2023/06/24 13:37:28 [notice] 1#1: start worker processes
2023/06/24 13:37:28 [notice] 1#1: start worker process 29
2023/06/24 13:37:28 [notice] 1#1: start worker process 30
2023/06/24 13:39:01 [notice] 1#1: signal 3 (SIGQUIT) received, shutting down
2023/06/24 13:39:01 [notice] 30#30: gracefully shutting down
2023/06/24 13:39:01 [notice] 29#29: gracefully shutting down
2023/06/24 13:39:01 [notice] 29#29: exiting
2023/06/24 13:39:01 [notice] 30#30: exiting
2023/06/24 13:39:01 [notice] 30#30: exit
2023/06/24 13:39:01 [notice] 29#29: exit
2023/06/24 13:39:01 [notice] 1#1: signal 17 (SIGCHLD) received from 30
2023/06/24 13:39:01 [notice] 1#1: worker process 30 exited with code 0
2023/06/24 13:39:01 [notice] 1#1: signal 29 (SIGIO) received
2023/06/24 13:39:01 [notice] 1#1: signal 17 (SIGCHLD) received from 29
2023/06/24 13:39:01 [notice] 1#1: worker process 29 exited with code 0
2023/06/24 13:39:01 [notice] 1#1: exit
2023/06/24 13:39:47 [notice] 1#1: using the "epoll" event method
2023/06/24 13:39:47 [notice] 1#1: nginx/1.25.1
2023/06/24 13:39:47 [notice] 1#1: built by gcc 12.2.1 20220924 (Alpine 12.2.1_git20220924-r4) 
2023/06/24 13:39:47 [notice] 1#1: OS: Linux 5.15.49-linuxkit
2023/06/24 13:39:47 [notice] 1#1: getrlimit(RLIMIT_NOFILE): 1048576:1048576
2023/06/24 13:39:47 [notice] 1#1: start worker processes
2023/06/24 13:39:47 [notice] 1#1: start worker process 29
2023/06/24 13:39:47 [notice] 1#1: start worker process 30
2023/06/24 21:48:10 [notice] 1#1: signal 3 (SIGQUIT) received, shutting down
2023/06/24 21:48:11 [notice] 29#29: gracefully shutting down
2023/06/24 21:48:11 [notice] 30#30: gracefully shutting down
2023/06/24 21:48:11 [notice] 30#30: exiting
2023/06/24 21:48:11 [notice] 29#29: exiting
2023/06/24 21:48:11 [notice] 29#29: exit
2023/06/24 21:48:11 [notice] 30#30: exit
2023/06/24 21:48:11 [notice] 1#1: signal 17 (SIGCHLD) received from 29
2023/06/24 21:48:11 [notice] 1#1: worker process 29 exited with code 0
2023/06/24 21:48:11 [notice] 1#1: worker process 30 exited with code 0
2023/06/24 21:48:11 [notice] 1#1: exit
